WARNING: KICAD6_SYMBOL_DIR environment variable is missing, so the default KiCad symbol libraries won't be searched. @ [/home/anatolie/ai3/s4/kicad/skidl/<frozen importlib._bootstrap_external>:995=>/home/anatolie/ai3/s4/kicad/skidl/<frozen importlib._bootstrap>:488]
WARNING: KICAD7_SYMBOL_DIR environment variable is missing, so the default KiCad symbol libraries won't be searched. @ [/home/anatolie/ai3/s4/kicad/skidl/<frozen importlib._bootstrap_external>:995=>/home/anatolie/ai3/s4/kicad/skidl/<frozen importlib._bootstrap>:488]
WARNING: KICAD_SYMBOL_DIR environment variable is missing, so the default KiCad symbol libraries won't be searched. @ [/home/anatolie/ai3/s4/kicad/skidl/<frozen importlib._bootstrap_external>:995=>/home/anatolie/ai3/s4/kicad/skidl/<frozen importlib._bootstrap>:488]
WARNING: KICAD8_SYMBOL_DIR environment variable is missing, so the default KiCad symbol libraries won't be searched. @ [/home/anatolie/ai3/s4/kicad/skidl/<frozen importlib._bootstrap_external>:995=>/home/anatolie/ai3/s4/kicad/skidl/<frozen importlib._bootstrap>:488]
WARNING: KICAD9_SYMBOL_DIR environment variable is missing, so the default KiCad symbol libraries won't be searched. @ [/home/anatolie/ai3/s4/kicad/skidl/<frozen importlib._bootstrap_external>:995=>/home/anatolie/ai3/s4/kicad/skidl/<frozen importlib._bootstrap>:488]
WARNING: fp-lib-table file was not found. Component footprints are not available.
WARNING: fp-lib-table file was not found. Component footprints are not available.
WARNING: fp-lib-table file was not found. Component footprints are not available.
WARNING: Missing tag on Z84C00 instantiated at /home/anatolie/ai3/s4/kicad/skidl/sintez2.py:31.
WARNING: Random tag ebH3WpS_0H generated for Z84C00.
WARNING: Missing tag on Crystal instantiated at /home/anatolie/ai3/s4/kicad/skidl/sintez2.py:54.
WARNING: Random tag 11Xn4WNtZT generated for Crystal.
WARNING: Missing tag on K1533LN1 instantiated at /home/anatolie/ai3/s4/kicad/skidl/sintez2.py:55.
WARNING: Random tag gGYYBcCRTG generated for K1533LN1.
WARNING: Missing tag on R instantiated at /home/anatolie/ai3/s4/kicad/skidl/sintez2.py:57.
WARNING: Random tag H68NGvcsNJ generated for R.
WARNING: Missing tag on R instantiated at /home/anatolie/ai3/s4/kicad/skidl/sintez2.py:57.
WARNING: Random tag HjNOOdxuD5 generated for R.
WARNING: Missing tag on C instantiated at /home/anatolie/ai3/s4/kicad/skidl/sintez2.py:57.
WARNING: Random tag vS6J6zaCQ3 generated for C.
WARNING: Missing tag on C instantiated at /home/anatolie/ai3/s4/kicad/skidl/sintez2.py:73.
WARNING: Random tag 0qU33fnVjO generated for C.
WARNING: Missing tag on R instantiated at /home/anatolie/ai3/s4/kicad/skidl/sintez2.py:73.
WARNING: Random tag BQ347vBuLM generated for R.
WARNING: Missing tag on R instantiated at /home/anatolie/ai3/s4/kicad/skidl/sintez2.py:81.
WARNING: Random tag HYQuKu5nl5 generated for R.
WARNING: Missing tag on R instantiated at /home/anatolie/ai3/s4/kicad/skidl/sintez2.py:81.
WARNING: Random tag rze53frBH_ generated for R.
WARNING: Missing tag on R instantiated at /home/anatolie/ai3/s4/kicad/skidl/sintez2.py:81.
WARNING: Random tag Xbj7zoktCH generated for R.
WARNING: Missing tag on R instantiated at /home/anatolie/ai3/s4/kicad/skidl/sintez2.py:81.
WARNING: Random tag aX8GcgV28d generated for R.
WARNING: Missing tag on  instantiated at /home/anatolie/ai3/s4/kicad/skidl/<frozen importlib._bootstrap>:488.
INFO: 28 warnings found while generating netlist.
INFO: 0 errors found while generating netlist.

